<?xml version="1.0" encoding="UTF-8"?>
<testsuite xmlns:xsi="http://www.w3.org/2001/XMLSchema-instance" xsi:noNamespaceSchemaLocation="https://maven.apache.org/surefire/maven-surefire-plugin/xsd/surefire-test-report.xsd" version="3.0.2" name="org.springframework.security.extension.property.SecurityLogoutPropertiesTest" time="0.011" tests="11" errors="0" skipped="0" failures="0">
  <properties>
[...]
</properties>
  <testcase name="shouldHaveToString" classname="org.springframework.security.extension.property.SecurityLogoutPropertiesTest" time="0.002"/>
  <testcase name="shouldDefaultPathPatternsToLogout" classname="org.springframework.security.extension.property.SecurityLogoutPropertiesTest" time="0.001"/>
  <testcase name="shouldDefaultLogoutSuccessUrlToNull" classname="org.springframework.security.extension.property.SecurityLogoutPropertiesTest" time="0.001"/>
  <testcase name="shouldSetInvalidateHttpSession" classname="org.springframework.security.extension.property.SecurityLogoutPropertiesTest" time="0.0"/>
  <testcase name="shouldDefaultClearAuthenticationToTrue" classname="org.springframework.security.extension.property.SecurityLogoutPropertiesTest" time="0.001"/>
  <testcase name="shouldDefaultLogoutUrlToNull" classname="org.springframework.security.extension.property.SecurityLogoutPropertiesTest" time="0.001"/>
  <testcase name="shouldDefaultInvalidateHttpSessionToTrue" classname="org.springframework.security.extension.property.SecurityLogoutPropertiesTest" time="0.001"/>
  <testcase name="shouldSetPathPatterns" classname="org.springframework.security.extension.property.SecurityLogoutPropertiesTest" time="0.0"/>
  <testcase name="shouldSetLogoutUrl" classname="org.springframework.security.extension.property.SecurityLogoutPropertiesTest" time="0.0"/>
  <testcase name="shouldSetClearAuthentication" classname="org.springframework.security.extension.property.SecurityLogoutPropertiesTest" time="0.001"/>
  <testcase name="shouldSetLogoutSuccessUrl" classname="org.springframework.security.extension.property.SecurityLogoutPropertiesTest" time="0.0"/>
</testsuite>